<?xml version="1.0" encoding="UTF-8"?>
<robot generator="Robot 4.1.3 (Python 3.9.7 on win32)" generated="20220329 12:34:25.663" rpa="false" schemaversion="2">
<suite id="s1" name="Customer Search" source="F:\Caption Project\my_info_suite\Customer_Search.robot">
<test id="s1-t1" name="TC1">
<kw name="Launch Browser And Navigate To URL" library="CommonFunctionality" type="SETUP">
<if>
<branch type="IF" condition="'${BROWSER_NAME}'=='edge'">
<kw name="Set Local Variable" library="BuiltIn">
<arg>${driver_name}</arg>
<arg>msedgedriver.exe</arg>
<doc>Makes a variable available everywhere within the local scope.</doc>
<status status="NOT RUN" starttime="20220329 12:34:26.190" endtime="20220329 12:34:26.190"/>
</kw>
<status status="NOT RUN" starttime="20220329 12:34:26.190" endtime="20220329 12:34:26.190"/>
</branch>
<branch type="ELSE IF" condition="'${BROWSER_NAME}'== 'ff'">
<kw name="Set Local Variable" library="BuiltIn">
<arg>${driver_name}</arg>
<arg>geckodriver.exe</arg>
<doc>Makes a variable available everywhere within the local scope.</doc>
<status status="NOT RUN" starttime="20220329 12:34:26.190" endtime="20220329 12:34:26.190"/>
</kw>
<status status="NOT RUN" starttime="20220329 12:34:26.190" endtime="20220329 12:34:26.190"/>
</branch>
<branch type="ELSE">
<kw name="Set Local Variable" library="BuiltIn">
<arg>${driver_name}</arg>
<arg>chromedriver.exe</arg>
<doc>Makes a variable available everywhere within the local scope.</doc>
<msg timestamp="20220329 12:34:26.190" level="INFO">${driver_name} = chromedriver.exe</msg>
<status status="PASS" starttime="20220329 12:34:26.190" endtime="20220329 12:34:26.190"/>
</kw>
<status status="PASS" starttime="20220329 12:34:26.190" endtime="20220329 12:34:26.190"/>
</branch>
<status status="PASS" starttime="20220329 12:34:26.190" endtime="20220329 12:34:26.190"/>
</if>
<kw name="Open Browser" library="SeleniumLibrary">
<arg>browser=${BROWSER_NAME}</arg>
<arg>executable_path=${EXECDIR}${/}driver${/}${driver_name}</arg>
<doc>Opens a new browser instance to the optional ``url``.</doc>
<msg timestamp="20220329 12:34:26.190" level="INFO">Opening browser 'chrome' to base url 'None'.</msg>
<status status="PASS" starttime="20220329 12:34:26.190" endtime="20220329 12:34:29.975"/>
</kw>
<kw name="Maximize Browser Window" library="SeleniumLibrary">
<doc>Maximizes current browser window.</doc>
<status status="PASS" starttime="20220329 12:34:29.975" endtime="20220329 12:34:30.147"/>
</kw>
<kw name="Set Selenium Implicit Wait" library="SeleniumLibrary">
<arg>30s</arg>
<doc>Sets the implicit wait value used by Selenium.</doc>
<status status="PASS" starttime="20220329 12:34:30.147" endtime="20220329 12:34:30.163"/>
</kw>
<kw name="Go To" library="SeleniumLibrary">
<arg>url=${URL}</arg>
<doc>Navigates the current browser window to the provided ``url``.</doc>
<msg timestamp="20220329 12:34:30.163" level="INFO">Opening url 'https://admin-demo.nopcommerce.com/'</msg>
<status status="PASS" starttime="20220329 12:34:30.163" endtime="20220329 12:34:34.627"/>
</kw>
<status status="PASS" starttime="20220329 12:34:26.190" endtime="20220329 12:34:34.627"/>
</kw>
<kw name="Verify About Template">
<arg>admin@yourStore.com</arg>
<arg>John</arg>
<arg>Smith</arg>
<kw name="Set Selenium Speed" library="SeleniumLibrary">
<arg>2s</arg>
<doc>Sets the delay that is waited after each Selenium command.</doc>
<status status="PASS" starttime="20220329 12:34:34.635" endtime="20220329 12:34:34.635"/>
</kw>
<kw name="Click Element" library="SeleniumLibrary">
<arg>xpath=//*[@class="button-1 login-button"]</arg>
<doc>Click the element identified by ``locator``.</doc>
<msg timestamp="20220329 12:34:34.635" level="INFO">Clicking element 'xpath=//*[@class="button-1 login-button"]'.</msg>
<status status="PASS" starttime="20220329 12:34:34.635" endtime="20220329 12:35:05.700"/>
</kw>
<kw name="Click Element" library="SeleniumLibrary">
<arg>xpath=//*[@class="nav-icon far fa-user"]</arg>
<doc>Click the element identified by ``locator``.</doc>
<msg timestamp="20220329 12:35:05.700" level="INFO">Clicking element 'xpath=//*[@class="nav-icon far fa-user"]'.</msg>
<status status="PASS" starttime="20220329 12:35:05.700" endtime="20220329 12:35:10.067"/>
</kw>
<kw name="Click Element" library="SeleniumLibrary">
<arg>//a[@href='/Admin/Customer/List']</arg>
<doc>Click the element identified by ``locator``.</doc>
<msg timestamp="20220329 12:35:10.067" level="INFO">Clicking element '//a[@href='/Admin/Customer/List']'.</msg>
<status status="PASS" starttime="20220329 12:35:10.067" endtime="20220329 12:35:19.510"/>
</kw>
<kw name="Input Text" library="SeleniumLibrary">
<arg>id=SearchEmail</arg>
<arg>${Email}</arg>
<doc>Types the given ``text`` into the text field identified by ``locator``.</doc>
<msg timestamp="20220329 12:35:19.510" level="INFO">Typing text 'admin@yourStore.com' into text field 'id=SearchEmail'.</msg>
<status status="PASS" starttime="20220329 12:35:19.510" endtime="20220329 12:35:26.478"/>
</kw>
<kw name="Input Text" library="SeleniumLibrary">
<arg>id=SearchFirstName</arg>
<arg>${First_name}</arg>
<doc>Types the given ``text`` into the text field identified by ``locator``.</doc>
<msg timestamp="20220329 12:35:26.478" level="INFO">Typing text 'John' into text field 'id=SearchFirstName'.</msg>
<status status="PASS" starttime="20220329 12:35:26.478" endtime="20220329 12:35:33.064"/>
</kw>
<kw name="Input Text" library="SeleniumLibrary">
<arg>id=SearchLastName</arg>
<arg>${Last_name}</arg>
<doc>Types the given ``text`` into the text field identified by ``locator``.</doc>
<msg timestamp="20220329 12:35:33.064" level="INFO">Typing text 'Smith' into text field 'id=SearchLastName'.</msg>
<status status="PASS" starttime="20220329 12:35:33.064" endtime="20220329 12:35:39.644"/>
</kw>
<kw name="Click Button" library="SeleniumLibrary">
<arg>id=search-customers</arg>
<doc>Clicks the button identified by ``locator``.</doc>
<msg timestamp="20220329 12:35:39.644" level="INFO">Clicking button 'id=search-customers'.</msg>
<status status="PASS" starttime="20220329 12:35:39.644" endtime="20220329 12:35:50.071"/>
</kw>
<kw name="Capture Page Screenshot" library="SeleniumLibrary">
<doc>Takes a screenshot of the current page and embeds it into a log file.</doc>
<msg timestamp="20220329 12:35:52.341" level="INFO" html="true">&lt;/td&gt;&lt;/tr&gt;&lt;tr&gt;&lt;td colspan="3"&gt;&lt;a href="selenium-screenshot-5.png"&gt;&lt;img src="selenium-screenshot-5.png" width="800px"&gt;&lt;/a&gt;</msg>
<status status="PASS" starttime="20220329 12:35:50.071" endtime="20220329 12:35:52.341"/>
</kw>
<status status="PASS" starttime="20220329 12:34:34.627" endtime="20220329 12:35:52.341"/>
</kw>
<kw name="Close Browser" library="SeleniumLibrary" type="TEARDOWN">
<doc>Closes the current browser.</doc>
<status status="PASS" starttime="20220329 12:35:52.341" endtime="20220329 12:35:56.617"/>
</kw>
<status status="PASS" starttime="20220329 12:34:26.190" endtime="20220329 12:35:56.617"/>
</test>
<doc>This suite handles test case related to Customer Search</doc>
<status status="PASS" starttime="20220329 12:34:25.663" endtime="20220329 12:35:56.617"/>
</suite>
<statistics>
<total>
<stat pass="1" fail="0" skip="0">All Tests</stat>
</total>
<tag>
</tag>
<suite>
<stat pass="1" fail="0" skip="0" id="s1" name="Customer Search">Customer Search</stat>
</suite>
</statistics>
<errors>
<msg timestamp="20220329 12:34:26.174" level="ERROR">Error in file 'F:\Caption Project\my_info_suite\Customer_Search.robot' on line 5: Importing library 'DataDriver' failed: ModuleNotFoundError: No module named 'DataDriver'
Traceback (most recent call last):
  None
PYTHONPATH:
  C:\Users\acer\anaconda3\Scripts\robot.exe
  C:\Users\acer\anaconda3\python39.zip
  C:\Users\acer\anaconda3\DLLs
  C:\Users\acer\anaconda3\lib
  C:\Users\acer\anaconda3
  C:\Users\acer\anaconda3\lib\site-packages
  C:\Users\acer\anaconda3\lib\site-packages\locket-0.2.1-py3.9.egg
  C:\Users\acer\anaconda3\lib\site-packages\win32
  C:\Users\acer\anaconda3\lib\site-packages\win32\lib
  C:\Users\acer\anaconda3\lib\site-packages\Pythonwin</msg>
</errors>
</robot>
